mode: set
github.com/anTuni/NomadCoin/utils/utility.go:18.27,19.16 1 1
github.com/anTuni/NomadCoin/utils/utility.go:19.16,21.3 1 1
github.com/anTuni/NomadCoin/utils/utility.go:25.36,30.2 4 1
github.com/anTuni/NomadCoin/utils/utility.go:31.44,36.2 3 1
github.com/anTuni/NomadCoin/utils/utility.go:38.33,42.2 3 1
github.com/anTuni/NomadCoin/utils/utility.go:44.44,46.18 2 1
github.com/anTuni/NomadCoin/utils/utility.go:49.2,49.13 1 1
github.com/anTuni/NomadCoin/utils/utility.go:46.18,48.3 1 1
github.com/anTuni/NomadCoin/utils/utility.go:52.35,56.2 3 1
github.com/anTuni/NomadCoin/wallet/wallet.go:27.23,28.14 1 0
github.com/anTuni/NomadCoin/wallet/wallet.go:39.2,39.10 1 0
github.com/anTuni/NomadCoin/wallet/wallet.go:28.14,30.22 2 0
github.com/anTuni/NomadCoin/wallet/wallet.go:37.3,37.35 1 0
github.com/anTuni/NomadCoin/wallet/wallet.go:30.22,32.4 1 0
github.com/anTuni/NomadCoin/wallet/wallet.go:32.9,36.4 3 0
github.com/anTuni/NomadCoin/wallet/wallet.go:41.27,44.2 2 0
github.com/anTuni/NomadCoin/wallet/wallet.go:45.44,51.2 5 0
github.com/anTuni/NomadCoin/wallet/wallet.go:52.40,56.2 3 0
github.com/anTuni/NomadCoin/wallet/wallet.go:57.42,62.2 4 0
github.com/anTuni/NomadCoin/wallet/wallet.go:63.43,65.2 1 0
github.com/anTuni/NomadCoin/wallet/wallet.go:66.39,69.2 2 0
github.com/anTuni/NomadCoin/wallet/wallet.go:70.45,76.2 5 0
github.com/anTuni/NomadCoin/wallet/wallet.go:77.56,94.2 9 0
github.com/anTuni/NomadCoin/wallet/wallet.go:95.58,98.16 3 0
github.com/anTuni/NomadCoin/wallet/wallet.go:102.2,108.32 6 0
github.com/anTuni/NomadCoin/wallet/wallet.go:98.16,100.3 1 0
